<?xml version="1.0" encoding="UTF-8"?>
<!-- Generated by org.testng.reporters.JUnitReportReporter -->
<testsuite hostname="DESKTOP-0AHARA7" failures="0" tests="2" name="com.qa.tests.GetAPITest" time="0.819" errors="0" timestamp="18 Feb 2023 17:22:50 GMT" skipped="0">
  <testcase classname="com.qa.tests.GetAPITest" name="getAPITestWithHeaders" time="0.163"/>
  <testcase classname="com.qa.tests.GetAPITest" name="getAPITest" time="0.656"/>
</testsuite> <!-- com.qa.tests.GetAPITest -->
