<?xml version="1.0" encoding="UTF-8"?>
<!-- Generated by org.testng.reporters.JUnitReportReporter -->
<testsuite hostname="DESKTOP-0AHARA7" failures="0" tests="2" name="com.qa.tests.GetAPITest" time="1.014" errors="0" timestamp="2023-02-25T20:20:23 GMT" skipped="0">
  <testcase classname="com.qa.tests.GetAPITest" name="getAPITestWithoutHeader" time="0.902"/>
  <system-out/>
  <testcase classname="com.qa.tests.GetAPITest" name="getAPITestWithHeaders" time="0.112"/>
  <system-out/>
</testsuite> <!-- com.qa.tests.GetAPITest -->
