<?xml version="1.0" encoding="UTF-8"?>
<!-- Generated by org.testng.reporters.JUnitReportReporter -->
<testsuite hostname="DESKTOP-0AHARA7" failures="0" tests="1" name="com.qa.tests.PostAPITest" time="0.493" errors="0" timestamp="2023-02-25T20:20:23 GMT" skipped="0">
  <testcase classname="com.qa.tests.PostAPITest" name="postAPITest" time="0.493"/>
  <system-out/>
</testsuite> <!-- com.qa.tests.PostAPITest -->
